<?xml version="1.0" encoding="UTF-8"?>
<!-- Generated by org.testng.reporters.JUnitReportReporter -->
<testsuite hostname="DESKTOP-ERKP2PO" failures="0" tests="1" name="main.TestNgprac" time="0.013" errors="0" timestamp="2021-06-03T10:48:17 IST" skipped="0">
  <testcase classname="main.TestNgprac" name="test3" time="0.013"/>
  <system-out/>
</testsuite> <!-- main.TestNgprac -->
