<?xml version="1.0" encoding="UTF-8"?>
<!-- Generated by org.testng.reporters.JUnitReportReporter -->
<testsuite hostname="DESKTOP-ERKP2PO" failures="0" tests="2" name="test.test" time="14.544" errors="0" timestamp="2021-06-17T12:35:06 IST" skipped="1">
  <testcase classname="test.test" name="VerifyLogin" time="14.544"/>
  <system-out/>
  <testcase classname="test.test" name="VerifyLogin" time="0.000">
    <skipped/>
  </testcase> <!-- VerifyLogin -->
  <system-out/>
</testsuite> <!-- test.test -->
